# JRE version: OpenJDK Runtime Environment Corretto-16.0.2.7.1 (16.0.2+7) (build 16.0.2+7)
# Java VM: OpenJDK 64-Bit Server VM Corretto-16.0.2.7.1 (16.0.2+7, mixed mode, sharing, tiered, compressed oops, compressed class ptrs, g1 gc, windows-amd64)
GC Precious Log:
 CPUs: 4 total, 4 available
 Memory: 8050M
 Large Page Support: Disabled
 NUMA Support: Disabled
 Compressed Oops: Enabled (32-bit)
 Heap Region Size: 1M
 Heap Min Capacity: 256M
 Heap Initial Capacity: 256M
 Heap Max Capacity: 512M
 Pre-touch: Disabled
 Parallel Workers: 4
 Concurrent Workers: 1
 Concurrent Refinement Workers: 4
 Periodic GC: Disabled
Heap:
 garbage-first heap   total 262144K, used 210613K [0x00000000e0000000, 0x0000000100000000)
  region size 1024K, 78 young (79872K), 4 survivors (4096K)
 Metaspace       used 86756K, committed 88064K, reserved 294912K
  class space    used 11278K, committed 11904K, reserved 212992K
GC Heap History (20 events):
Event: 22.523 GC heap before
{Heap before GC invocations=3 (full 0):
 garbage-first heap   total 262144K, used 133403K [0x00000000e0000000, 0x0000000100000000)
  region size 1024K, 109 young (111616K), 2 survivors (2048K)
 Metaspace       used 20996K, committed 21248K, reserved 237568K
  class space    used 3020K, committed 3136K, reserved 212992K
}
Event: 22.541 GC heap after
{Heap after GC invocations=4 (full 0):
 garbage-first heap   total 262144K, used 37594K [0x00000000e0000000, 0x0000000100000000)
  region size 1024K, 14 young (14336K), 14 survivors (14336K)
 Metaspace       used 20996K, committed 21248K, reserved 237568K
  class space    used 3020K, committed 3136K, reserved 212992K
}
Event: 34.285 GC heap before
{Heap before GC invocations=5 (full 0):
 garbage-first heap   total 262144K, used 152282K [0x00000000e0000000, 0x0000000100000000)
  region size 1024K, 116 young (118784K), 14 survivors (14336K)
 Metaspace       used 35159K, committed 35520K, reserved 245760K
  class space    used 4680K, committed 4864K, reserved 212992K
}
Event: 34.312 GC heap after
{Heap after GC invocations=6 (full 0):
 garbage-first heap   total 262144K, used 56787K [0x00000000e0000000, 0x0000000100000000)
  region size 1024K, 11 young (11264K), 11 survivors (11264K)
 Metaspace       used 35159K, committed 35520K, reserved 245760K
  class space    used 4680K, committed 4864K, reserved 212992K
}
Event: 47.783 GC heap before
{Heap before GC invocations=7 (full 0):
 garbage-first heap   total 262144K, used 212435K [0x00000000e0000000, 0x0000000100000000)
  region size 1024K, 142 young (145408K), 11 survivors (11264K)
 Metaspace       used 50553K, committed 51136K, reserved 262144K
  class space    used 6762K, committed 7040K, reserved 212992K
}
Event: 47.809 GC heap after
{Heap after GC invocations=8 (full 0):
 garbage-first heap   total 262144K, used 90937K [0x00000000e0000000, 0x0000000100000000)
  region size 1024K, 13 young (13312K), 13 survivors (13312K)
 Metaspace       used 50553K, committed 51136K, reserved 262144K
  class space    used 6762K, committed 7040K, reserved 212992K
}
Event: 60.792 GC heap before
{Heap before GC invocations=9 (full 0):
 garbage-first heap   total 262144K, used 197433K [0x00000000e0000000, 0x0000000100000000)
  region size 1024K, 117 young (119808K), 13 survivors (13312K)
 Metaspace       used 60855K, committed 61504K, reserved 270336K
  class space    used 8039K, committed 8320K, reserved 212992K
}
Event: 60.817 GC heap after
{Heap after GC invocations=10 (full 0):
 garbage-first heap   total 262144K, used 100603K [0x00000000e0000000, 0x0000000100000000)
  region size 1024K, 9 young (9216K), 9 survivors (9216K)
 Metaspace       used 60855K, committed 61504K, reserved 270336K
  class space    used 8039K, committed 8320K, reserved 212992K
}
Event: 246.698 GC heap before
{Heap before GC invocations=10 (full 0):
 garbage-first heap   total 262144K, used 203003K [0x00000000e0000000, 0x0000000100000000)
  region size 1024K, 110 young (112640K), 9 survivors (9216K)
 Metaspace       used 69156K, committed 69888K, reserved 278528K
  class space    used 9216K, committed 9536K, reserved 212992K
}
Event: 246.722 GC heap after
{Heap after GC invocations=11 (full 0):
 garbage-first heap   total 262144K, used 109395K [0x00000000e0000000, 0x0000000100000000)
  region size 1024K, 9 young (9216K), 9 survivors (9216K)
 Metaspace       used 69156K, committed 69888K, reserved 278528K
  class space    used 9216K, committed 9536K, reserved 212992K
}
Event: 287.715 GC heap before
{Heap before GC invocations=11 (full 0):
 garbage-first heap   total 262144K, used 206675K [0x00000000e0000000, 0x0000000100000000)
  region size 1024K, 105 young (107520K), 9 survivors (9216K)
 Metaspace       used 72486K, committed 73408K, reserved 278528K
  class space    used 9555K, committed 9984K, reserved 212992K
}
Event: 287.734 GC heap after
{Heap after GC invocations=12 (full 0):
 garbage-first heap   total 262144K, used 116349K [0x00000000e0000000, 0x0000000100000000)
  region size 1024K, 7 young (7168K), 7 survivors (7168K)
 Metaspace       used 72486K, committed 73408K, reserved 278528K
  class space    used 9555K, committed 9984K, reserved 212992K
}
Event: 288.068 GC heap before
{Heap before GC invocations=12 (full 0):
 garbage-first heap   total 262144K, used 210557K [0x00000000e0000000, 0x0000000100000000)
  region size 1024K, 99 young (101376K), 7 survivors (7168K)
 Metaspace       used 72592K, committed 73536K, reserved 278528K
  class space    used 9555K, committed 9984K, reserved 212992K
}
Event: 288.087 GC heap after
{Heap after GC invocations=13 (full 0):
 garbage-first heap   total 262144K, used 121315K [0x00000000e0000000, 0x0000000100000000)
  region size 1024K, 12 young (12288K), 12 survivors (12288K)
 Metaspace       used 72592K, committed 73536K, reserved 278528K
  class space    used 9555K, committed 9984K, reserved 212992K
}
Event: 289.104 GC heap before
{Heap before GC invocations=13 (full 0):
 garbage-first heap   total 262144K, used 212451K [0x00000000e0000000, 0x0000000100000000)
  region size 1024K, 101 young (103424K), 12 survivors (12288K)
 Metaspace       used 74306K, committed 75200K, reserved 278528K
  class space    used 9689K, committed 10112K, reserved 212992K
}
Event: 289.130 GC heap after
{Heap after GC invocations=14 (full 0):
 garbage-first heap   total 262144K, used 126043K [0x00000000e0000000, 0x0000000100000000)
  region size 1024K, 11 young (11264K), 11 survivors (11264K)
 Metaspace       used 74306K, committed 75200K, reserved 278528K
  class space    used 9689K, committed 10112K, reserved 212992K
}
Event: 345.775 GC heap before
{Heap before GC invocations=14 (full 0):
 garbage-first heap   total 262144K, used 214107K [0x00000000e0000000, 0x0000000100000000)
  region size 1024K, 97 young (99328K), 11 survivors (11264K)
 Metaspace       used 81070K, committed 82240K, reserved 286720K
  class space    used 10653K, committed 11200K, reserved 212992K
}
Event: 345.798 GC heap after
{Heap after GC invocations=15 (full 0):
 garbage-first heap   total 262144K, used 132752K [0x00000000e0000000, 0x0000000100000000)
  region size 1024K, 12 young (12288K), 12 survivors (12288K)
 Metaspace       used 81070K, committed 82240K, reserved 286720K
  class space    used 10653K, committed 11200K, reserved 212992K
}
Event: 410.206 GC heap before
{Heap before GC invocations=15 (full 0):
 garbage-first heap   total 262144K, used 215696K [0x00000000e0000000, 0x0000000100000000)
  region size 1024K, 93 young (95232K), 12 survivors (12288K)
 Metaspace       used 83369K, committed 84608K, reserved 286720K
  class space    used 10915K, committed 11520K, reserved 212992K
}
Event: 410.227 GC heap after
{Heap after GC invocations=16 (full 0):
 garbage-first heap   total 262144K, used 135861K [0x00000000e0000000, 0x0000000100000000)
  region size 1024K, 4 young (4096K), 4 survivors (4096K)
 Metaspace       used 83369K, committed 84608K, reserved 286720K
  class space    used 10915K, committed 11520K, reserved 212992K
}

